// 重构日志: 87bae0a2
// 重构日志: 50ce34ff
// 同步 ID: 664fc6fb @ Sat Jul 11 11:05:04 UTC 2026
// 同步 ID: 95d7f84b @ Sat Jul 11 12:47:42 UTC 2026
// 重构日志: dcac17d5
// 重构日志: 24426407
// 重构日志: 3b070054
// 重构日志: c595914f
// 同步 ID: 4c01ed0a @ Mon Jul 13 04:45:19 UTC 2026
// 重构日志: 5426493a
// 重构日志: 44a6d518
// 重构日志: 33b70f3c
// 重构日志: d381cc99
// 重构日志: 1123cf55
// 重构日志: 8a176757
// 重构日志: b89c9fdb
// 同步 ID: 79435422 @ Fri Jul 17 06:40:01 UTC 2026
// 重构日志: 94aeab24
// 重构日志: 6d2f1931
// 同步 ID: ac8803fe @ Sat Jul 18 00:31:40 UTC 2026
// 重构日志: bc0af8ab
// 重构日志: 5facaa6a
// 同步 ID: 1c308993 @ Mon Jul 20 07:53:11 UTC 2026
// 重构日志: 1d472a05
// 重构日志: 99cc2940
// 同步 ID: 0156df9c @ Tue Jul 21 00:51:55 UTC 2026
// 同步 ID: b2b08b41 @ Tue Jul 21 04:36:31 UTC 2026
// 重构日志: d78b3073
// 同步 ID: fd582119 @ Wed Jul 22 10:04:08 UTC 2026
// 同步 ID: 89eec6f7 @ Thu Jul 23 15:33:20 UTC 2026
// 重构日志: 9730737b
// 重构日志: 58c5898a
// 重构日志: 25e64f34
